{
  "RSpec": {
    "coverage": {
      "/Users/jjoonia/Documents/Viherkatto/app/controllers/application_controller.rb": [
        1,
        1,
        1,
        null,
        null,
        1,
        63,
        0,
        null,
        63,
        null,
        null,
        null,
        null,
        1,
        0,
        0,
        null,
        null
      ],
      "/Users/jjoonia/Documents/Viherkatto/app/helpers/application_helper.rb": [
        1,
        null,
        null,
        1,
        200,
        200,
        4,
        null,
        196,
        null,
        null,
        null
      ],
      "/Users/jjoonia/Documents/Viherkatto/app/helpers/bases_helper.rb": [
        1,
        null
      ],
      "/Users/jjoonia/Documents/Viherkatto/app/helpers/contact_helper.rb": [
        1,
        null
      ],
      "/Users/jjoonia/Documents/Viherkatto/app/helpers/custom_plant_helper.rb": [
        1,
        null
      ],
      "/Users/jjoonia/Documents/Viherkatto/app/helpers/greenroofs_helper.rb": [
        1,
        null,
        1,
        11,
        11,
        11,
        44,
        11,
        null,
        11,
        33,
        22,
        22,
        null,
        null,
        11,
        null,
        null,
        null,
        11,
        null,
        null,
        1,
        11,
        11,
        11,
        11,
        11,
        11,
        null,
        11,
        0,
        0,
        0,
        null,
        null,
        0,
        null,
        null,
        null,
        11,
        null,
        null,
        1,
        11,
        0,
        null,
        11,
        null,
        null,
        null,
        null,
        null,
        1,
        11,
        11,
        11,
        11,
        22,
        11,
        null,
        11,
        null,
        null,
        11,
        11,
        0,
        0,
        null,
        null,
        11,
        null,
        null,
        null,
        11,
        null,
        null,
        null,
        1,
        null,
        1,
        11,
        11,
        11,
        44,
        11,
        null,
        11,
        33,
        22,
        22,
        null,
        null,
        11,
        null,
        null,
        null,
        11,
        null,
        null
      ],
      "/Users/jjoonia/Documents/Viherkatto/app/helpers/layers_helper.rb": [
        1,
        null
      ],
      "/Users/jjoonia/Documents/Viherkatto/app/helpers/pages_helper.rb": [
        1,
        null
      ],
      "/Users/jjoonia/Documents/Viherkatto/app/helpers/plants_helper.rb": [
        null,
        null,
        1,
        null,
        1,
        3,
        3,
        3,
        null,
        3,
        null,
        null,
        1,
        7,
        7,
        7,
        7,
        0,
        null,
        7,
        7,
        null,
        7,
        null,
        null,
        1,
        25,
        null,
        null
      ],
      "/Users/jjoonia/Documents/Viherkatto/app/helpers/purpose_helper.rb": [
        1,
        null
      ],
      "/Users/jjoonia/Documents/Viherkatto/app/helpers/roofs_helper.rb": [
        null,
        null,
        1,
        1,
        0,
        0,
        0,
        0,
        null,
        0,
        null,
        null
      ],
      "/Users/jjoonia/Documents/Viherkatto/app/helpers/sessions_helper.rb": [
        1,
        null,
        1,
        45,
        null,
        45,
        null,
        null,
        null,
        null,
        null,
        null,
        1,
        1281,
        null,
        null,
        1,
        30,
        null,
        null,
        1,
        0,
        null,
        null,
        1,
        5,
        0,
        null,
        null,
        null,
        1,
        869,
        null,
        null,
        1,
        7,
        7,
        null,
        null,
        1,
        8,
        1,
        null,
        7,
        null,
        null,
        null,
        1,
        0,
        0,
        null,
        null,
        1,
        0,
        null,
        null,
        null,
        null
      ],
      "/Users/jjoonia/Documents/Viherkatto/app/helpers/users_helper.rb": [
        null,
        null,
        1,
        1,
        18,
        null,
        null
      ],
      "/Users/jjoonia/Documents/Viherkatto/app/controllers/contact_controller.rb": [
        null,
        null,
        1,
        null,
        1,
        0,
        0,
        null,
        0,
        null,
        null,
        null,
        1,
        7,
        null,
        null,
        1,
        0,
        0,
        0,
        null,
        0,
        null,
        0,
        null,
        null,
        null,
        1,
        null,
        null,
        null,
        null
      ],
      "/Users/jjoonia/Documents/Viherkatto/app/models/contact.rb": [
        1,
        1,
        null,
        1,
        null,
        null,
        null
      ],
      "/Users/jjoonia/Documents/Viherkatto/app/controllers/custom_plant_controller.rb": [
        1,
        null,
        1,
        0,
        null,
        null,
        1,
        0,
        null,
        null,
        null,
        null,
        null
      ],
      "/Users/jjoonia/Documents/Viherkatto/app/models/custom_plant.rb": [
        1,
        null,
        1,
        null,
        1,
        null,
        1,
        null,
        null
      ],
      "/Users/jjoonia/Documents/Viherkatto/app/controllers/greenroofs_controller.rb": [
        null,
        null,
        1,
        null,
        1,
        null,
        1,
        1,
        null,
        1,
        null,
        10,
        null,
        15,
        null,
        10,
        10,
        1,
        1,
        null,
        10,
        1,
        1,
        null,
        10,
        1,
        1,
        null,
        10,
        0,
        0,
        null,
        10,
        10,
        10,
        0,
        0,
        null,
        10,
        10,
        10,
        10,
        10,
        0,
        0,
        null,
        null,
        10,
        10,
        null,
        null,
        null,
        null,
        null,
        null,
        null,
        null,
        null,
        null,
        null,
        null,
        10,
        null,
        10,
        10,
        16,
        16,
        16,
        16,
        null,
        null,
        15,
        null,
        null,
        null,
        null,
        null,
        1,
        11,
        null,
        null,
        null,
        1,
        4,
        4,
        4,
        null,
        4,
        null,
        4,
        4,
        4,
        4,
        null,
        null,
        1,
        null,
        1,
        1,
        null,
        null,
        1,
        null,
        1,
        1,
        1,
        1,
        1,
        1,
        null,
        null,
        null,
        null,
        null,
        1,
        1,
        1,
        0,
        0,
        0,
        null,
        null,
        null,
        0,
        0,
        null,
        null,
        0,
        null,
        null,
        1,
        0,
        0,
        0,
        0,
        null,
        null,
        null,
        null,
        1,
        null,
        1,
        1,
        1,
        1,
        0,
        0,
        0,
        null,
        null,
        1,
        null,
        null,
        null,
        1,
        null,
        0,
        null,
        null,
        0,
        null,
        1,
        1,
        1,
        1,
        null,
        null,
        null,
        null,
        1,
        1,
        1,
        2,
        null,
        null,
        null,
        0,
        0,
        null,
        null,
        null,
        null,
        null,
        null,
        1,
        4,
        null,
        null,
        null,
        null,
        4,
        4,
        2,
        2,
        null,
        2,
        2,
        null,
        null,
        6,
        null,
        4,
        null,
        null,
        null,
        4,
        4,
        4,
        4,
        4,
        4,
        0,
        null,
        4,
        null,
        4,
        null,
        null,
        4,
        null,
        null,
        6,
        null,
        null,
        null,
        1,
        null,
        0,
        0,
        0,
        0,
        0,
        0,
        null,
        0,
        null,
        null,
        0,
        null,
        null,
        null,
        1,
        1,
        null,
        1,
        null,
        0,
        null,
        null,
        0,
        null,
        null,
        0,
        null,
        null,
        0,
        null,
        0,
        0,
        0,
        0,
        null,
        null,
        0,
        null,
        0,
        0,
        0,
        0,
        null,
        null,
        null,
        0,
        0,
        null,
        1,
        1,
        1,
        null,
        null,
        null,
        null,
        1,
        null,
        1,
        1,
        0,
        null,
        null,
        null
      ],
      "/Users/jjoonia/Documents/Viherkatto/app/models/greenroof.rb": [
        null,
        null,
        1,
        null,
        1,
        null,
        1,
        1,
        1,
        null,
        1,
        1,
        1,
        null,
        1,
        null,
        1,
        null,
        1,
        null,
        1,
        null,
        1,
        1,
        1,
        1,
        1,
        1,
        1,
        null,
        1,
        31,
        16,
        null,
        null,
        null,
        1,
        31,
        null,
        null,
        1,
        31,
        0,
        null,
        null,
        null,
        1,
        0,
        null,
        null,
        null
      ],
      "/Users/jjoonia/Documents/Viherkatto/app/controllers/layers_controller.rb": [
        null,
        null,
        1,
        1,
        null,
        1,
        null,
        1,
        5,
        null,
        null,
        1,
        4,
        4,
        4,
        1,
        1,
        null,
        0,
        null,
        null,
        3,
        null,
        null,
        null,
        1,
        3,
        null,
        null,
        1,
        0,
        null,
        null,
        1,
        2,
        null,
        null,
        1,
        1,
        1,
        1,
        null,
        0,
        null,
        null,
        null
      ],
      "/Users/jjoonia/Documents/Viherkatto/app/models/layer.rb": [
        1,
        null,
        1,
        1,
        null,
        1,
        null,
        1,
        1,
        1,
        1,
        null
      ],
      "/Users/jjoonia/Documents/Viherkatto/app/controllers/pages_controller.rb": [
        1,
        1,
        null,
        1,
        null,
        null
      ],
      "/Users/jjoonia/Documents/Viherkatto/app/controllers/plants_controller.rb": [
        null,
        null,
        1,
        null,
        1,
        null,
        null,
        null,
        1,
        7,
        null,
        null,
        1,
        6,
        6,
        11,
        6,
        0,
        null,
        6,
        null,
        null,
        6,
        null,
        6,
        0,
        0,
        0,
        null,
        null,
        null,
        null,
        6,
        7,
        null,
        null,
        null,
        1,
        7,
        null,
        null,
        1,
        3,
        null,
        null,
        1,
        6,
        null,
        6,
        null,
        6,
        0,
        0,
        0,
        0,
        null,
        null,
        null,
        null,
        6,
        null,
        null,
        6,
        6,
        null,
        null,
        6,
        3,
        0,
        null,
        3,
        3,
        3,
        3,
        3,
        3,
        null,
        null,
        null,
        3,
        3,
        null,
        3,
        null,
        null,
        null,
        1,
        1,
        null,
        1,
        1,
        1,
        1,
        1,
        1,
        1,
        null,
        null,
        null,
        0,
        null,
        null,
        1,
        1,
        1,
        null,
        null,
        1,
        1,
        null,
        0,
        null,
        null,
        null,
        1,
        0,
        0,
        0,
        null,
        0,
        null,
        0,
        null,
        null,
        null,
        null,
        1,
        0,
        null,
        0,
        null,
        0,
        null,
        0,
        0,
        0,
        0,
        null,
        0,
        0,
        0,
        0,
        null,
        0,
        0,
        null,
        null,
        0,
        0,
        null,
        null,
        0,
        0,
        0,
        0,
        null,
        0,
        null,
        null,
        0,
        0,
        0,
        0,
        null,
        0,
        null,
        null,
        0,
        0,
        null,
        null,
        null
      ],
      "/Users/jjoonia/Documents/Viherkatto/app/models/plant.rb": [
        1,
        null,
        1,
        1,
        1,
        1,
        null,
        1,
        1,
        null,
        1,
        1,
        null,
        1,
        null,
        1,
        null,
        1,
        0,
        null,
        null,
        1,
        1,
        1,
        1,
        1,
        1,
        271,
        1,
        null
      ],
      "/Users/jjoonia/Documents/Viherkatto/app/controllers/purpose_controller.rb": [
        1,
        null
      ],
      "/Users/jjoonia/Documents/Viherkatto/app/models/purpose.rb": [
        1,
        null,
        1,
        null,
        1,
        null,
        1,
        null,
        null
      ],
      "/Users/jjoonia/Documents/Viherkatto/app/controllers/roofs_controller.rb": [
        null,
        null,
        1,
        null,
        1,
        5,
        5,
        null,
        null,
        1,
        0,
        null,
        null,
        1,
        4,
        4,
        4,
        1,
        2,
        2,
        2,
        null,
        null,
        null,
        null,
        4,
        1,
        null,
        3,
        3,
        null,
        3,
        null,
        null,
        null,
        null,
        1,
        1,
        null,
        1,
        1,
        1,
        1,
        5,
        5,
        5,
        null,
        null,
        null,
        null,
        1,
        0,
        0,
        null,
        1,
        0,
        null,
        1,
        null,
        null,
        null,
        1,
        1,
        1,
        null,
        null
      ],
      "/Users/jjoonia/Documents/Viherkatto/app/models/roof.rb": [
        1,
        null,
        1,
        1,
        1,
        1,
        null,
        1,
        null,
        1,
        1,
        1,
        null,
        null
      ],
      "/Users/jjoonia/Documents/Viherkatto/app/controllers/sessions_controller.rb": [
        null,
        null,
        1,
        null,
        1,
        null,
        null,
        1,
        44,
        44,
        41,
        41,
        41,
        null,
        3,
        3,
        null,
        null,
        null,
        1,
        7,
        7,
        null,
        null,
        1,
        0,
        0,
        0,
        null,
        null,
        null,
        null,
        1,
        0,
        null,
        null,
        null,
        null
      ],
      "/Users/jjoonia/Documents/Viherkatto/app/controllers/users_controller.rb": [
        null,
        null,
        1,
        null,
        1,
        1,
        1,
        null,
        1,
        null,
        0,
        0,
        0,
        0,
        null,
        0,
        0,
        0,
        0,
        0,
        null,
        0,
        0,
        null,
        null,
        null,
        null,
        1,
        7,
        null,
        null,
        1,
        6,
        6,
        6,
        3,
        3,
        null,
        3,
        null,
        null,
        null,
        1,
        5,
        5,
        4,
        4,
        4,
        null,
        1,
        null,
        null,
        null,
        1,
        7,
        null,
        null,
        1,
        0,
        0,
        0,
        0,
        null,
        null,
        null,
        1,
        0,
        0,
        0,
        null,
        0,
        null,
        0,
        null,
        null,
        null,
        1,
        0,
        0,
        0,
        0,
        0,
        0,
        null,
        0,
        null,
        null,
        null,
        1,
        null,
        1,
        0,
        null,
        null,
        null,
        1,
        0,
        12,
        null,
        null,
        1,
        12,
        12,
        null,
        null,
        null
      ],
      "/Users/jjoonia/Documents/Viherkatto/app/models/user.rb": [
        1,
        null,
        1,
        1,
        null,
        71,
        1,
        null,
        1,
        1,
        1,
        1,
        null,
        1,
        1,
        1,
        null,
        1,
        null,
        1,
        70,
        null,
        null
      ],
      "/Users/jjoonia/Documents/Viherkatto/app/models/base.rb": [
        1,
        null,
        1,
        null,
        1,
        1,
        null,
        1,
        null,
        1,
        1,
        null,
        1,
        null,
        null,
        1,
        101,
        101,
        0,
        null,
        null,
        null,
        1,
        46,
        101,
        null,
        null,
        null
      ],
      "/Users/jjoonia/Documents/Viherkatto/app/models/colour.rb": [
        1,
        null,
        1,
        1,
        null,
        1,
        null,
        1,
        null
      ],
      "/Users/jjoonia/Documents/Viherkatto/app/models/consist.rb": [
        1,
        1,
        1,
        null
      ],
      "/Users/jjoonia/Documents/Viherkatto/app/models/environment.rb": [
        1,
        1,
        null,
        1,
        1,
        null,
        1,
        null
      ],
      "/Users/jjoonia/Documents/Viherkatto/app/models/flower_colour.rb": [
        1,
        1,
        1,
        null
      ],
      "/Users/jjoonia/Documents/Viherkatto/app/models/growth.rb": [
        1,
        1,
        1,
        null,
        null
      ],
      "/Users/jjoonia/Documents/Viherkatto/app/models/growth_environment.rb": [
        1,
        1,
        null,
        1,
        1,
        null,
        1,
        null
      ],
      "/Users/jjoonia/Documents/Viherkatto/app/models/image.rb": [
        1,
        null,
        1,
        null,
        1,
        null,
        1,
        1,
        null
      ],
      "/Users/jjoonia/Documents/Viherkatto/app/models/light.rb": [
        1,
        null,
        1,
        1,
        null,
        1,
        1,
        null,
        1,
        null
      ],
      "/Users/jjoonia/Documents/Viherkatto/app/models/location.rb": [
        1,
        1,
        1,
        null
      ],
      "/Users/jjoonia/Documents/Viherkatto/app/models/maintenance.rb": [
        1,
        1,
        null,
        1,
        1,
        null,
        1,
        null
      ],
      "/Users/jjoonia/Documents/Viherkatto/app/models/planted.rb": [
        1,
        1,
        1,
        null
      ]
    },
    "timestamp": 1371553669
  }
}
